mode: set
github.com/martyn82/rpi-controller/service/cli.go:34.33,45.2 7 1
github.com/martyn82/rpi-controller/service/cli.go:48.46,50.2 1 1
github.com/martyn82/rpi-controller/service/cli.go:53.47,54.35 1 1
github.com/martyn82/rpi-controller/service/cli.go:58.5,58.42 1 1
github.com/martyn82/rpi-controller/service/cli.go:54.35,56.6 1 1
github.com/martyn82/rpi-controller/service/cli.go:62.52,63.54 1 1
github.com/martyn82/rpi-controller/service/cli.go:67.5,67.21 1 1
github.com/martyn82/rpi-controller/service/cli.go:63.54,65.6 1 1
github.com/martyn82/rpi-controller/service/cli.go:71.50,73.2 1 1
github.com/martyn82/rpi-controller/service/daemonconnector.go:21.58,25.2 3 1
github.com/martyn82/rpi-controller/service/daemonconnector.go:28.50,29.31 1 1
github.com/martyn82/rpi-controller/service/daemonconnector.go:33.5,34.111 2 1
github.com/martyn82/rpi-controller/service/daemonconnector.go:38.5,39.15 2 1
github.com/martyn82/rpi-controller/service/daemonconnector.go:29.31,31.6 1 1
github.com/martyn82/rpi-controller/service/daemonconnector.go:34.111,36.6 1 1
github.com/martyn82/rpi-controller/service/daemonconnector.go:43.53,44.32 1 1
github.com/martyn82/rpi-controller/service/daemonconnector.go:48.5,52.15 4 1
github.com/martyn82/rpi-controller/service/daemonconnector.go:44.32,46.6 1 1
github.com/martyn82/rpi-controller/service/daemonconnector.go:56.53,58.2 1 1
github.com/martyn82/rpi-controller/service/daemonconnector.go:61.71,62.32 1 1
github.com/martyn82/rpi-controller/service/daemonconnector.go:66.5,69.104 3 1
github.com/martyn82/rpi-controller/service/daemonconnector.go:73.5,75.9 2 1
github.com/martyn82/rpi-controller/service/daemonconnector.go:86.5,86.25 1 1
github.com/martyn82/rpi-controller/service/daemonconnector.go:62.32,64.6 1 1
github.com/martyn82/rpi-controller/service/daemonconnector.go:69.104,71.6 1 1
github.com/martyn82/rpi-controller/service/daemonconnector.go:75.9,79.92 3 1
github.com/martyn82/rpi-controller/service/daemonconnector.go:83.9,83.47 1 1
github.com/martyn82/rpi-controller/service/daemonconnector.go:79.92,80.18 1 1
