mode: set
github.com/martyn82/rpi-controller/service/command/command.go:15.53,16.35 1 1
github.com/martyn82/rpi-controller/service/command/command.go:20.5,20.15 1 1
github.com/martyn82/rpi-controller/service/command/command.go:16.35,18.6 1 1
github.com/martyn82/rpi-controller/service/command/notification.go:10.98,16.2 5 1
github.com/martyn82/rpi-controller/service/command/notification.go:19.47,21.2 1 1
github.com/martyn82/rpi-controller/service/command/notification.go:24.49,26.2 1 1
github.com/martyn82/rpi-controller/service/command/notification.go:29.50,31.2 1 1
github.com/martyn82/rpi-controller/service/command/notification.go:34.43,36.2 1 1
